<?xml version="1.0" encoding="UTF-8"?>
<!-- Generated by org.testng.reporters.JUnitXMLReporter -->
<testsuite ignored="0" hostname="ANGULARJS4" failures="1" tests="5" name="Test" time="46.655" errors="0" timestamp="2021-09-04T23:42:31 IST">
  <testcase classname="driverinstance.TestExecutionPriority" name="url" time="11.043"/>
  <testcase classname="driverinstance.TestExecutionPriority" name="login" time="16.252"/>
  <testcase classname="driverinstance.TestExecutionPriority" name="OpenMenu003" time="5.1"/>
  <testcase classname="driverinstance.TestExecutionPriority" name="OpenFamilyFromMenu004" time="5.121"/>
  <testcase classname="driverinstance.TestExecutionPriority" name="AddNewFamily005" time="9.08">
    <failure type="org.openqa.selenium.InvalidSelectorException" message="invalid selector: Unable to locate an element with the xpath expression //1111div[@id=&amp;apos;btnFamilySearchAdd&amp;apos;]/a[@title=&amp;apos;Add Family&amp;apos;] because of the following error:
SyntaxError: Failed to execute &amp;apos;evaluate&amp;apos; on &amp;apos;Document&amp;apos;: The string &amp;apos;//1111div[@id=&amp;apos;btnFamilySearchAdd&amp;apos;]/a[@title=&amp;apos;Add Family&amp;apos;]&amp;apos; is not a valid XPath expression.
  (Session info: chrome=92.0.4515.159)
For documentation on this error, please visit: https://www.seleniumhq.org/exceptions/invalid_selector_exception.html
Build info: version: &amp;apos;3.141.59&amp;apos;, revision: &amp;apos;e82be7d358&amp;apos;, time: &amp;apos;2018-11-14T08:17:03&amp;apos;
System info: host: &amp;apos;ANGULARJS4&amp;apos;, ip: &amp;apos;192.168.68.102&amp;apos;, os.name: &amp;apos;Windows 10&amp;apos;, os.arch: &amp;apos;amd64&amp;apos;, os.version: &amp;apos;10.0&amp;apos;, java.version: &amp;apos;16.0.1&amp;apos;
Driver info: org.openqa.selenium.chrome.ChromeDriver
Capabilities {acceptInsecureCerts: false, browserName: chrome, browserVersion: 92.0.4515.159, chrome: {chromedriverVersion: 92.0.4515.107 (87a818b10553..., userDataDir: C:\Users\chirag.qa\AppData\...}, goog:chromeOptions: {debuggerAddress: localhost:59537}, javascriptEnabled: true, networkConnectionEnabled: false, pageLoadStrategy: normal, platform: WINDOWS, platformName: WINDOWS, proxy: Proxy(), setWindowRect: true, strictFileInteractability: false, timeouts: {implicit: 0, pageLoad: 300000, script: 30000}, unhandledPromptBehavior: dismiss and notify, webauthn:extension:credBlob: true, webauthn:extension:largeBlob: true, webauthn:virtualAuthenticators: true}
Session ID: 54785518f7a3a90af4fd7b32b335d560
*** Element info: {Using=xpath, value=//1111div[@id=&amp;apos;btnFamilySearchAdd&amp;apos;]/a[@title=&amp;apos;Add Family&amp;apos;]}">
      <![CDATA[org.openqa.selenium.InvalidSelectorException: invalid selector: Unable to locate an element with the xpath expression //1111div[@id='btnFamilySearchAdd']/a[@title='Add Family'] because of the following error:
SyntaxError: Failed to execute 'evaluate' on 'Document': The string '//1111div[@id='btnFamilySearchAdd']/a[@title='Add Family']' is not a valid XPath expression.
  (Session info: chrome=92.0.4515.159)
For documentation on this error, please visit: https://www.seleniumhq.org/exceptions/invalid_selector_exception.html
Build info: version: '3.141.59', revision: 'e82be7d358', time: '2018-11-14T08:17:03'
System info: host: 'ANGULARJS4', ip: '192.168.68.102', os.name: 'Windows 10', os.arch: 'amd64', os.version: '10.0', java.version: '16.0.1'
Driver info: org.openqa.selenium.chrome.ChromeDriver
Capabilities {acceptInsecureCerts: false, browserName: chrome, browserVersion: 92.0.4515.159, chrome: {chromedriverVersion: 92.0.4515.107 (87a818b10553..., userDataDir: C:\Users\chirag.qa\AppData\...}, goog:chromeOptions: {debuggerAddress: localhost:59537}, javascriptEnabled: true, networkConnectionEnabled: false, pageLoadStrategy: normal, platform: WINDOWS, platformName: WINDOWS, proxy: Proxy(), setWindowRect: true, strictFileInteractability: false, timeouts: {implicit: 0, pageLoad: 300000, script: 30000}, unhandledPromptBehavior: dismiss and notify, webauthn:extension:credBlob: true, webauthn:extension:largeBlob: true, webauthn:virtualAuthenticators: true}
Session ID: 54785518f7a3a90af4fd7b32b335d560
*** Element info: {Using=xpath, value=//1111div[@id='btnFamilySearchAdd']/a[@title='Add Family']}
at org.openqa.selenium.remote.http.W3CHttpResponseCodec.createException(W3CHttpResponseCodec.java:187)
at org.openqa.selenium.remote.http.W3CHttpResponseCodec.decode(W3CHttpResponseCodec.java:122)
at org.openqa.selenium.remote.http.W3CHttpResponseCodec.decode(W3CHttpResponseCodec.java:49)
at org.openqa.selenium.remote.HttpCommandExecutor.execute(HttpCommandExecutor.java:158)
at org.openqa.selenium.remote.service.DriverCommandExecutor.execute(DriverCommandExecutor.java:83)
at org.openqa.selenium.remote.RemoteWebDriver.execute(RemoteWebDriver.java:552)
at org.openqa.selenium.remote.RemoteWebDriver.findElement(RemoteWebDriver.java:323)
at org.openqa.selenium.remote.RemoteWebDriver.findElementByXPath(RemoteWebDriver.java:428)
at org.openqa.selenium.By$ByXPath.findElement(By.java:353)
at org.openqa.selenium.remote.RemoteWebDriver.findElement(RemoteWebDriver.java:315)
at driverinstance.AddNewFamily005.addfamily(AddNewFamily005.java:19)
at driverinstance.TestExecutionPriority.AddNewFamily005(TestExecutionPriority.java:32)
at java.base/java.util.ArrayList.forEach(ArrayList.java:1511)
... Removed 32 stack frames]]>
    </failure>
  </testcase> <!-- AddNewFamily005 -->
</testsuite> <!-- Test -->
